<?xml version="1.0" encoding="UTF-8"?>
<!-- Generated by org.testng.reporters.JUnitXMLReporter -->
<testsuite hostname="HW0001" ignored="0" name="Test1" tests="1" failures="1" timestamp="17 Sep 2019 10:22:09 GMT" time="353.833" errors="0">
  <testcase name="runScenario" time="352.996" classname="com.beachbody.automation.runners.AbstractTestNGCucumberParallelTests">
    <failure type="java.sql.SQLSyntaxErrorException" message="ORA-00942: table or view does not exist
">
      <![CDATA[java.sql.SQLSyntaxErrorException: ORA-00942: table or view does not exist

at oracle.jdbc.driver.T4CTTIoer.processError(T4CTTIoer.java:447)
at oracle.jdbc.driver.T4CTTIoer.processError(T4CTTIoer.java:396)
at oracle.jdbc.driver.T4C8Oall.processError(T4C8Oall.java:951)
at oracle.jdbc.driver.T4CTTIfun.receive(T4CTTIfun.java:513)
at oracle.jdbc.driver.T4CTTIfun.doRPC(T4CTTIfun.java:227)
at oracle.jdbc.driver.T4C8Oall.doOALL(T4C8Oall.java:531)
at oracle.jdbc.driver.T4CStatement.doOall8(T4CStatement.java:195)
at oracle.jdbc.driver.T4CStatement.executeForDescribe(T4CStatement.java:876)
at oracle.jdbc.driver.OracleStatement.executeMaybeDescribe(OracleStatement.java:1175)
at oracle.jdbc.driver.OracleStatement.doExecuteWithTimeout(OracleStatement.java:1296)
at oracle.jdbc.driver.OracleStatement.doScrollExecuteCommon(OracleStatement.java:4721)
at oracle.jdbc.driver.OracleStatement.doScrollStmtExecuteQuery(OracleStatement.java:4854)
at oracle.jdbc.driver.OracleStatement.executeQuery(OracleStatement.java:1505)
at oracle.jdbc.driver.OracleStatementWrapper.executeQuery(OracleStatementWrapper.java:406)
at com.beachbody.automation.utilities.DBConnectionUtilities.executeQueryUsingScrollableResultSet(DBConnectionUtilities.java:115)
at com.beachbody.automation.utilities.DBConnectionUtilities.waitForResult(DBConnectionUtilities.java:138)
at com.beachbody.automation.stepdefs.dbstep.DBValidationSteps.iVerifyOrderIsSyndicatedToCOMThroughEBS(DBValidationSteps.java:100)
at âœ½.I verify order is syndicated to COM through EBS(file:src/test/resources/features/e2e/TCID_C6019498.feature:26)
]]>
    </failure>
  </testcase> <!-- runScenario -->
</testsuite> <!-- Test1 -->
